d:\projects\paint for kids\paint for kids\phase2 - project framework\debug\pt project.bsc
d:\projects\paint for kids\paint for kids\phase2 - project framework\debug\vc140.pdb
d:\projects\paint for kids\paint for kids\phase2 - project framework\debug\vc140.idb
d:\projects\paint for kids\paint for kids\phase2 - project framework\debug\main.sbr
d:\projects\paint for kids\paint for kids\phase2 - project framework\debug\applicationmanager.sbr
d:\projects\paint for kids\paint for kids\phase2 - project framework\debug\output.sbr
d:\projects\paint for kids\paint for kids\phase2 - project framework\debug\input.sbr
d:\projects\paint for kids\paint for kids\phase2 - project framework\debug\ctriangle.sbr
d:\projects\paint for kids\paint for kids\phase2 - project framework\debug\addrectaction.sbr
d:\projects\paint for kids\paint for kids\phase2 - project framework\debug\crectangle.sbr
d:\projects\paint for kids\paint for kids\phase2 - project framework\debug\cline.sbr
d:\projects\paint for kids\paint for kids\phase2 - project framework\debug\cfigure.sbr
d:\projects\paint for kids\paint for kids\phase2 - project framework\debug\ccircle.sbr
d:\projects\paint for kids\paint for kids\phase2 - project framework\debug\windowinput.sbr
d:\projects\paint for kids\paint for kids\phase2 - project framework\debug\mousequeue.sbr
d:\projects\paint for kids\paint for kids\phase2 - project framework\debug\keyqueue.sbr
d:\projects\paint for kids\paint for kids\phase2 - project framework\debug\image.sbr
d:\projects\paint for kids\paint for kids\phase2 - project framework\debug\colors.sbr
d:\projects\paint for kids\paint for kids\phase2 - project framework\debug\cmugraphics.sbr
d:\projects\paint for kids\paint for kids\phase2 - project framework\debug\auxil.sbr
d:\projects\paint for kids\paint for kids\phase2 - project framework\debug\switchtoplay.sbr
d:\projects\paint for kids\paint for kids\phase2 - project framework\debug\switchtodraw.sbr
d:\projects\paint for kids\paint for kids\phase2 - project framework\debug\selectaction.sbr
d:\projects\paint for kids\paint for kids\phase2 - project framework\debug\selectaction.obj
d:\projects\paint for kids\paint for kids\phase2 - project framework\debug\switchtodraw.obj
d:\projects\paint for kids\paint for kids\phase2 - project framework\debug\switchtoplay.obj
d:\projects\paint for kids\paint for kids\phase2 - project framework\debug\auxil.obj
d:\projects\paint for kids\paint for kids\phase2 - project framework\debug\cmugraphics.obj
d:\projects\paint for kids\paint for kids\phase2 - project framework\debug\colors.obj
d:\projects\paint for kids\paint for kids\phase2 - project framework\debug\image.obj
d:\projects\paint for kids\paint for kids\phase2 - project framework\debug\keyqueue.obj
d:\projects\paint for kids\paint for kids\phase2 - project framework\debug\mousequeue.obj
d:\projects\paint for kids\paint for kids\phase2 - project framework\debug\windowinput.obj
d:\projects\paint for kids\paint for kids\phase2 - project framework\debug\ccircle.obj
d:\projects\paint for kids\paint for kids\phase2 - project framework\debug\cfigure.obj
d:\projects\paint for kids\paint for kids\phase2 - project framework\debug\cline.obj
d:\projects\paint for kids\paint for kids\phase2 - project framework\debug\crectangle.obj
d:\projects\paint for kids\paint for kids\phase2 - project framework\debug\addrectaction.obj
d:\projects\paint for kids\paint for kids\phase2 - project framework\debug\ctriangle.obj
d:\projects\paint for kids\paint for kids\phase2 - project framework\debug\input.obj
d:\projects\paint for kids\paint for kids\phase2 - project framework\debug\output.obj
d:\projects\paint for kids\paint for kids\phase2 - project framework\debug\applicationmanager.obj
d:\projects\paint for kids\paint for kids\phase2 - project framework\debug\main.obj
d:\projects\paint for kids\paint for kids\phase2 - project framework\debug\saveaction.sbr
d:\projects\paint for kids\paint for kids\phase2 - project framework\debug\rotateaction.sbr
d:\projects\paint for kids\paint for kids\phase2 - project framework\debug\resizeaction.sbr
d:\projects\paint for kids\paint for kids\phase2 - project framework\debug\playwithtypecolor.sbr
d:\projects\paint for kids\paint for kids\phase2 - project framework\debug\playwithtype.sbr
d:\projects\paint for kids\paint for kids\phase2 - project framework\debug\playwithcolor.sbr
d:\projects\paint for kids\paint for kids\phase2 - project framework\debug\pasteaction.sbr
d:\projects\paint for kids\paint for kids\phase2 - project framework\debug\loadaction.sbr
d:\projects\paint for kids\paint for kids\phase2 - project framework\debug\forwardaction.sbr
d:\projects\paint for kids\paint for kids\phase2 - project framework\debug\fillingcoloraction.sbr
d:\projects\paint for kids\paint for kids\phase2 - project framework\debug\drawingcoloraction.sbr
d:\projects\paint for kids\paint for kids\phase2 - project framework\debug\deleteaction.sbr
d:\projects\paint for kids\paint for kids\phase2 - project framework\debug\cutaction.sbr
d:\projects\paint for kids\paint for kids\phase2 - project framework\debug\copyaction.sbr
d:\projects\paint for kids\paint for kids\phase2 - project framework\debug\bacwardaction.sbr
d:\projects\paint for kids\paint for kids\phase2 - project framework\debug\addtriaaction.sbr
d:\projects\paint for kids\paint for kids\phase2 - project framework\debug\addlineaction.sbr
d:\projects\paint for kids\paint for kids\phase2 - project framework\debug\addcircaction.sbr
d:\projects\paint for kids\paint for kids\phase2 - project framework\debug\addcircaction.obj
d:\projects\paint for kids\paint for kids\phase2 - project framework\debug\addlineaction.obj
d:\projects\paint for kids\paint for kids\phase2 - project framework\debug\addtriaaction.obj
d:\projects\paint for kids\paint for kids\phase2 - project framework\debug\bacwardaction.obj
d:\projects\paint for kids\paint for kids\phase2 - project framework\debug\copyaction.obj
d:\projects\paint for kids\paint for kids\phase2 - project framework\debug\cutaction.obj
d:\projects\paint for kids\paint for kids\phase2 - project framework\debug\deleteaction.obj
d:\projects\paint for kids\paint for kids\phase2 - project framework\debug\drawingcoloraction.obj
d:\projects\paint for kids\paint for kids\phase2 - project framework\debug\fillingcoloraction.obj
d:\projects\paint for kids\paint for kids\phase2 - project framework\debug\forwardaction.obj
d:\projects\paint for kids\paint for kids\phase2 - project framework\debug\loadaction.obj
d:\projects\paint for kids\paint for kids\phase2 - project framework\debug\pasteaction.obj
d:\projects\paint for kids\paint for kids\phase2 - project framework\debug\playwithcolor.obj
d:\projects\paint for kids\paint for kids\phase2 - project framework\debug\playwithtype.obj
d:\projects\paint for kids\paint for kids\phase2 - project framework\debug\playwithtypecolor.obj
d:\projects\paint for kids\paint for kids\phase2 - project framework\debug\resizeaction.obj
d:\projects\paint for kids\paint for kids\phase2 - project framework\debug\rotateaction.obj
d:\projects\paint for kids\paint for kids\phase2 - project framework\debug\saveaction.obj
d:\projects\paint for kids\paint for kids\phase2 - project framework\debug\jutils.sbr
d:\projects\paint for kids\paint for kids\phase2 - project framework\debug\jquant2.sbr
d:\projects\paint for kids\paint for kids\phase2 - project framework\debug\jquant1.sbr
d:\projects\paint for kids\paint for kids\phase2 - project framework\debug\jmemnobs.sbr
d:\projects\paint for kids\paint for kids\phase2 - project framework\debug\jmemmgr.sbr
d:\projects\paint for kids\paint for kids\phase2 - project framework\debug\jidctred.sbr
d:\projects\paint for kids\paint for kids\phase2 - project framework\debug\jidctint.sbr
d:\projects\paint for kids\paint for kids\phase2 - project framework\debug\jidctfst.sbr
d:\projects\paint for kids\paint for kids\phase2 - project framework\debug\jidctflt.sbr
d:\projects\paint for kids\paint for kids\phase2 - project framework\debug\jerror.sbr
d:\projects\paint for kids\paint for kids\phase2 - project framework\debug\jdtrans.sbr
d:\projects\paint for kids\paint for kids\phase2 - project framework\debug\jdsample.sbr
d:\projects\paint for kids\paint for kids\phase2 - project framework\debug\jdpostct.sbr
d:\projects\paint for kids\paint for kids\phase2 - project framework\debug\jdphuff.sbr
d:\projects\paint for kids\paint for kids\phase2 - project framework\debug\jdmerge.sbr
d:\projects\paint for kids\paint for kids\phase2 - project framework\debug\jdmaster.sbr
d:\projects\paint for kids\paint for kids\phase2 - project framework\debug\jdmarker.sbr
d:\projects\paint for kids\paint for kids\phase2 - project framework\debug\jdmainct.sbr
d:\projects\paint for kids\paint for kids\phase2 - project framework\debug\jdinput.sbr
d:\projects\paint for kids\paint for kids\phase2 - project framework\debug\jdhuff.sbr
d:\projects\paint for kids\paint for kids\phase2 - project framework\debug\jdhuff.obj
d:\projects\paint for kids\paint for kids\phase2 - project framework\debug\jdinput.obj
d:\projects\paint for kids\paint for kids\phase2 - project framework\debug\jdmainct.obj
d:\projects\paint for kids\paint for kids\phase2 - project framework\debug\jdmarker.obj
d:\projects\paint for kids\paint for kids\phase2 - project framework\debug\jdmaster.obj
d:\projects\paint for kids\paint for kids\phase2 - project framework\debug\jdmerge.obj
d:\projects\paint for kids\paint for kids\phase2 - project framework\debug\jdphuff.obj
d:\projects\paint for kids\paint for kids\phase2 - project framework\debug\jdpostct.obj
d:\projects\paint for kids\paint for kids\phase2 - project framework\debug\jdsample.obj
d:\projects\paint for kids\paint for kids\phase2 - project framework\debug\jdtrans.obj
d:\projects\paint for kids\paint for kids\phase2 - project framework\debug\jerror.obj
d:\projects\paint for kids\paint for kids\phase2 - project framework\debug\jidctflt.obj
d:\projects\paint for kids\paint for kids\phase2 - project framework\debug\jidctfst.obj
d:\projects\paint for kids\paint for kids\phase2 - project framework\debug\jidctint.obj
d:\projects\paint for kids\paint for kids\phase2 - project framework\debug\jidctred.obj
d:\projects\paint for kids\paint for kids\phase2 - project framework\debug\jmemmgr.obj
d:\projects\paint for kids\paint for kids\phase2 - project framework\debug\jmemnobs.obj
d:\projects\paint for kids\paint for kids\phase2 - project framework\debug\jquant1.obj
d:\projects\paint for kids\paint for kids\phase2 - project framework\debug\jquant2.obj
d:\projects\paint for kids\paint for kids\phase2 - project framework\debug\jutils.obj
d:\projects\paint for kids\paint for kids\phase2 - project framework\debug\jddctmgr.sbr
d:\projects\paint for kids\paint for kids\phase2 - project framework\debug\jdcolor.sbr
d:\projects\paint for kids\paint for kids\phase2 - project framework\debug\jdcoefct.sbr
d:\projects\paint for kids\paint for kids\phase2 - project framework\debug\jdatasrc.sbr
d:\projects\paint for kids\paint for kids\phase2 - project framework\debug\jdapistd.sbr
d:\projects\paint for kids\paint for kids\phase2 - project framework\debug\jdapimin.sbr
d:\projects\paint for kids\paint for kids\phase2 - project framework\debug\jcparam.sbr
d:\projects\paint for kids\paint for kids\phase2 - project framework\debug\jcomapi.sbr
d:\projects\paint for kids\paint for kids\phase2 - project framework\debug\jpegload.sbr
d:\projects\paint for kids\paint for kids\phase2 - project framework\debug\jpegload.obj
d:\projects\paint for kids\paint for kids\phase2 - project framework\debug\jcomapi.obj
d:\projects\paint for kids\paint for kids\phase2 - project framework\debug\jcparam.obj
d:\projects\paint for kids\paint for kids\phase2 - project framework\debug\jdapimin.obj
d:\projects\paint for kids\paint for kids\phase2 - project framework\debug\jdapistd.obj
d:\projects\paint for kids\paint for kids\phase2 - project framework\debug\jdatasrc.obj
d:\projects\paint for kids\paint for kids\phase2 - project framework\debug\jdcoefct.obj
d:\projects\paint for kids\paint for kids\phase2 - project framework\debug\jdcolor.obj
d:\projects\paint for kids\paint for kids\phase2 - project framework\debug\jddctmgr.obj
d:\projects\paint for kids\paint for kids\phase2 - project framework\debug\pt project.ilk
d:\projects\paint for kids\paint for kids\phase2 - project framework\debug\pt project.exe
d:\projects\paint for kids\paint for kids\phase2 - project framework\debug\pt project.pdb
d:\projects\paint for kids\paint for kids\phase2 - project framework\.\debug\pt project.exe
d:\projects\paint for kids\paint for kids\phase2 - project framework\debug\pt project.tlog\bscmake.command.1.tlog
d:\projects\paint for kids\paint for kids\phase2 - project framework\debug\pt project.tlog\bscmake.read.1.tlog
d:\projects\paint for kids\paint for kids\phase2 - project framework\debug\pt project.tlog\bscmake.write.1.tlog
d:\projects\paint for kids\paint for kids\phase2 - project framework\debug\pt project.tlog\cl.command.1.tlog
d:\projects\paint for kids\paint for kids\phase2 - project framework\debug\pt project.tlog\cl.read.1.tlog
d:\projects\paint for kids\paint for kids\phase2 - project framework\debug\pt project.tlog\cl.write.1.tlog
d:\projects\paint for kids\paint for kids\phase2 - project framework\debug\pt project.tlog\link.command.1.tlog
d:\projects\paint for kids\paint for kids\phase2 - project framework\debug\pt project.tlog\link.read.1.tlog
d:\projects\paint for kids\paint for kids\phase2 - project framework\debug\pt project.tlog\link.write.1.tlog
